{"name": "Создание заказа без авторизации", "status": "failed", "statusDetails": {"message": "AssertionError: assert 200 == 401\n +  where 200 = <Response [200]>.status_code\n +  and   401 = sc.HTTP_UNAUTHORIZED", "trace": "self = <tests.test_orders_create.TestOrdersCreate object at 0x0000020856706850>\n\n    @allure.title(\"Создание заказа без авторизации\")\n        #по доке должен отдать 401(?) поскольку нет авторизации после перенаправления на /login. По факту в постмане отдает 200  {\"success\": true,\"name\": \"Метеоритный бессмертный бургер\",\"order\": {\"number\": 2609} } поэтому, тест зафолсится. Видимо, недоработка функционала, также пробел в логике API, хорошо бы уточнить у разработки и скорректировать этот шаг.\n    def test_create_order_without_auth(self):\n        with allure.step(\"Отправляем POST /orders без токена\"):\n            resp = requests.post(\n                urls.ORDERS_URL,\n                json={\"ingredients\": data.VALID_INGREDIENTS},\n            )\n>       assert resp.status_code == sc.HTTP_UNAUTHORIZED\nE       assert 200 == 401\nE        +  where 200 = <Response [200]>.status_code\nE        +  and   401 = sc.HTTP_UNAUTHORIZED\n\ntests\\test_orders_create.py:34: AssertionError"}, "steps": [{"name": "Отправляем POST /orders без токена", "status": "passed", "start": 1762822480670, "stop": 1762822480970}], "start": 1762822480670, "stop": 1762822480970, "uuid": "3ffccd35-377d-4092-829d-7b5456d4ca92", "historyId": "da39603fd995e0df2b456ec3421d634c", "testCaseId": "3c253e751cc2504017a1f1e7d0eb0117", "fullName": "tests.test_orders_create.TestOrdersCreate#test_create_order_without_auth", "labels": [{"name": "feature", "value": "Orders"}, {"name": "story", "value": "Create order"}, {"name": "parentSuite", "value": "tests"}, {"name": "suite", "value": "test_orders_create"}, {"name": "subSuite", "value": "TestOrdersCreate"}, {"name": "host", "value": "owl"}, {"name": "thread", "value": "9292-MainThread"}, {"name": "framework", "value": "pytest"}, {"name": "language", "value": "cpython3"}, {"name": "package", "value": "tests.test_orders_create"}]}